Determining if the pthread_create exist failed with the following output:
Change Dir: /home/ubuntu/create2driver_ws/serial/src/build/CMakeFiles/CMakeTmp

Run Build Command:/usr/bin/make "cmTryCompileExec315483036/fast"
make[1]: Entering directory `/home/ubuntu/create2driver_ws/serial/src/build/CMakeFiles/CMakeTmp'
/usr/bin/make -f CMakeFiles/cmTryCompileExec315483036.dir/build.make CMakeFiles/cmTryCompileExec315483036.dir/build
make[2]: Entering directory `/home/ubuntu/create2driver_ws/serial/src/build/CMakeFiles/CMakeTmp'
/usr/bin/cmake -E cmake_progress_report /home/ubuntu/create2driver_ws/serial/src/build/CMakeFiles/CMakeTmp/CMakeFiles 1
Building C object CMakeFiles/cmTryCompileExec315483036.dir/CheckSymbolExists.c.o
/usr/bin/cc    -o CMakeFiles/cmTryCompileExec315483036.dir/CheckSymbolExists.c.o   -c /home/ubuntu/create2driver_ws/serial/src/build/CMakeFiles/CMakeTmp/CheckSymbolExists.c
Linking C executable cmTryCompileExec315483036
/usr/bin/cmake -E cmake_link_script CMakeFiles/cmTryCompileExec315483036.dir/link.txt --verbose=1
/usr/bin/cc       CMakeFiles/cmTryCompileExec315483036.dir/CheckSymbolExists.c.o  -o cmTryCompileExec315483036 -rdynamic 
CMakeFiles/cmTryCompileExec315483036.dir/CheckSymbolExists.c.o: In function `main':
CheckSymbolExists.c:(.text+0xe): undefined reference to `pthread_create'
CheckSymbolExists.c:(.text+0x12): undefined reference to `pthread_create'
collect2: error: ld returned 1 exit status
make[2]: Leaving directory `/home/ubuntu/create2driver_ws/serial/src/build/CMakeFiles/CMakeTmp'
make[2]: *** [cmTryCompileExec315483036] Error 1
make[1]: Leaving directory `/home/ubuntu/create2driver_ws/serial/src/build/CMakeFiles/CMakeTmp'
make[1]: *** [cmTryCompileExec315483036/fast] Error 2

File /home/ubuntu/create2driver_ws/serial/src/build/CMakeFiles/CMakeTmp/CheckSymbolExists.c:
/* */
#include <pthread.h>

int main(int argc, char** argv)
{
  (void)argv;
#ifndef pthread_create
  return ((int*)(&pthread_create))[argc];
#else
  (void)argc;
  return 0;
#endif
}

Determining if the function pthread_create exists in the pthreads failed with the following output:
Change Dir: /home/ubuntu/create2driver_ws/serial/src/build/CMakeFiles/CMakeTmp

Run Build Command:/usr/bin/make "cmTryCompileExec2053499265/fast"
make[1]: Entering directory `/home/ubuntu/create2driver_ws/serial/src/build/CMakeFiles/CMakeTmp'
/usr/bin/make -f CMakeFiles/cmTryCompileExec2053499265.dir/build.make CMakeFiles/cmTryCompileExec2053499265.dir/build
make[2]: Entering directory `/home/ubuntu/create2driver_ws/serial/src/build/CMakeFiles/CMakeTmp'
/usr/bin/cmake -E cmake_progress_report /home/ubuntu/create2driver_ws/serial/src/build/CMakeFiles/CMakeTmp/CMakeFiles 1
Building C object CMakeFiles/cmTryCompileExec2053499265.dir/CheckFunctionExists.c.o
/usr/bin/cc   -DCHECK_FUNCTION_EXISTS=pthread_create   -o CMakeFiles/cmTryCompileExec2053499265.dir/CheckFunctionExists.c.o   -c /usr/share/cmake-2.8/Modules/CheckFunctionExists.c
Linking C executable cmTryCompileExec2053499265
/usr/bin/cmake -E cmake_link_script CMakeFiles/cmTryCompileExec2053499265.dir/link.txt --verbose=1
/usr/bin/cc   -DCHECK_FUNCTION_EXISTS=pthread_create    CMakeFiles/cmTryCompileExec2053499265.dir/CheckFunctionExists.c.o  -o cmTryCompileExec2053499265 -rdynamic -lpthreads 
/usr/bin/ld: cannot find -lpthreads
collect2: error: ld returned 1 exit status
make[2]: Leaving directory `/home/ubuntu/create2driver_ws/serial/src/build/CMakeFiles/CMakeTmp'
make[2]: *** [cmTryCompileExec2053499265] Error 1
make[1]: *** [cmTryCompileExec2053499265/fast] Error 2
make[1]: Leaving directory `/home/ubuntu/create2driver_ws/serial/src/build/CMakeFiles/CMakeTmp'


